#
# A fatal error has been detected by the Java Runtime Environment:
#
#  EXCEPTION_ACCESS_VIOLATION (0xc0000005) at pc=0x00007ffb290d1bd1, pid=12140, tid=14876
#
# JRE version:  (21.0.4+7) (build )
# Java VM: OpenJDK 64-Bit Server VM (21.0.4+7-LTS, mixed mode, sharing, tiered, compressed class ptrs, unknown gc, windows-amd64)
# Problematic frame:
# C  [jimage.dll+0x1bd1]
#
# No core dump will be written. Minidumps are not enabled by default on client versions of Windows
#
#

---------------  S U M M A R Y ------------

Command Line: 

Host: Intel(R) Core(TM) i3-4005U CPU @ 1.70GHz, 4 cores, 7G,  Windows 10 , 64 bit Build 19041 (10.0.19041.4717)
Time: Wed Sep 11 20:31:19 2024 India Standard Time elapsed time: 0.099386 seconds (0d 0h 0m 0s)

---------------  T H R E A D  ---------------

Current thread is native thread

Stack: [0x00000049f8400000,0x00000049f8500000],  sp=0x00000049f84fd630,  free space=1013k
Native frames: (J=compiled Java code, j=interpreted, Vv=VM code, C=native code)
C  [jimage.dll+0x1bd1]
C  [jimage.dll+0x1d5f]
C  [jimage.dll+0x2641]
V  [jvm.dll+0x2234a0]
V  [jvm.dll+0xca5c7]
V  [jvm.dll+0x864ecc]
V  [jvm.dll+0x45916e]
V  [jvm.dll+0x45adf1]
C  [jli.dll+0x52ab]
C  [ucrtbase.dll+0x21bb2]
C  [KERNEL32.DLL+0x17374]
C  [ntdll.dll+0x4cc91]


siginfo: EXCEPTION_ACCESS_VIOLATION (0xc0000005), reading address 0x00000000000046e8


Registers:
RAX=0x00000000000011b3, RBX=0x00000049f84fd721, RCX=0x00007ffb290d6000, RDX=0x00000000000011b3
RSP=0x00000049f84fd630, RBP=0x00000049f84fd720, RSI=0x0000000000007833, RDI=0x00000049f84fd720
R8 =0x00007ffb290d4288, R9 =0x000000000000001c, R10=0x00007ffb1b990000, R11=0x00007ffb290d6000
R12=0x0000000000000000, R13=0x00000049f84ffbb0, R14=0x00000049f84fe790, R15=0x00007ffaa40d1128
RIP=0x00007ffb290d1bd1, EFLAGS=0x0000000000010246


Top of Stack: (sp=0x00000049f84fd630)
0x00000049f84fd630:   0000000000000182 00000000000003ff
0x00000049f84fd640:   000001515ea26f90 00000049f84fd7a0
0x00000049f84fd650:   000001515e969340 00007ffb290d1d5f
0x00000049f84fd660:   000000000000000b 000001515e969340
0x00000049f84fd670:   00000049f84fd6c1 0000000000000101
0x00000049f84fd680:   00000000000006f5 000001515e940150
0x00000049f84fd690:   00000000000006f5 00000000000006f5
0x00000049f84fd6a0:   00000000000006f5 0000015142000547
0x00000049f84fd6b0:   000001515e94c830 00007ffb46bce249
0x00000049f84fd6c0:   000043b7c5a391bd 0000000042000547
0x00000049f84fd6d0:   00007ffaa40aed70 0000000000000017
0x00000049f84fd6e0:   000001515e969340 00000049f84fe790
0x00000049f84fd6f0:   000000000000000b 00007ffb290d2641
0x00000049f84fd700:   00000000000007ad 00000000000007ad
0x00000049f84fd710:   00000000000007ad 0000015142000547
0x00000049f84fd720:   61622e6176616a2f 692f6b646a2f6573
0x00000049f84fd730:   2f6c616e7265746e 6f6974706f2f6d76
0x00000049f84fd740:   000001515e00736e 00007ffb000003ff
0x00000049f84fd750:   00000000000007ad 0000015160aff500
0x00000049f84fd760:   00000000000007ad 00007ffb46bcead2
0x00000049f84fd770:   0000015160aff4f0 0000015160ad0000
0x00000049f84fd780:   000001515e940000 0000015160aff4f0
0x00000049f84fd790:   00000151000003ff 00000000000007ad
0x00000049f84fd7a0:   0000015160ad0000 0000015105010004
0x00000049f84fd7b0:   000001515e94c830 0000000000005e90
0x00000049f84fd7c0:   00000000000005e9 000001515e940150
0x00000049f84fd7d0:   0000015160aff4f0 00007ffb46bbe3a9
0x00000049f84fd7e0:   000001515e940000 00000049f84fd830
0x00000049f84fd7f0:   0000000000000000 0000000000000000
0x00000049f84fd800:   0000000000000002 0000015160ad0000
0x00000049f84fd810:   0000000000000004 00007ffb4496ef82
0x00000049f84fd820:   00000049f84fd870 000000490c00000c 

Instructions: (pc=0x00007ffb290d1bd1)
0x00007ffb290d1ad1:   48 85 c9 74 1d 80 3d 33 45 00 00 00 74 06 48 8b
0x00007ffb290d1ae1:   53 18 eb 04 48 8b 53 40 e8 b2 0e 00 00 48 83 63
0x00007ffb290d1af1:   48 00 8b 4b 0c 83 f9 ff 74 09 e8 e8 0c 00 00 83
0x00007ffb290d1b01:   4b 0c ff 48 8b 4b 70 48 85 c9 74 0f ba 10 00 00
0x00007ffb290d1b11:   00 e8 09 0f 00 00 48 83 63 70 00 48 83 c4 20 5b
0x00007ffb290d1b21:   c3 cc cc 40 53 48 83 ec 20 48 8b d9 48 8d 0d ec
0x00007ffb290d1b31:   46 00 00 e8 b7 0c 00 00 83 6b 08 01 75 24 48 8b
0x00007ffb290d1b41:   d3 48 8d 0d cf 44 00 00 e8 22 08 00 00 48 8b cb
0x00007ffb290d1b51:   e8 de fe ff ff ba 78 00 00 00 48 8b cb e8 bd 0e
0x00007ffb290d1b61:   00 00 48 8d 0d b6 46 00 00 48 83 c4 20 5b e9 84
0x00007ffb290d1b71:   0c 00 00 48 89 5c 24 08 48 89 74 24 10 57 48 83
0x00007ffb290d1b81:   ec 20 41 8b f1 4d 8b c8 48 8b fa 4c 8b d9 4d 85
0x00007ffb290d1b91:   c0 74 78 85 f6 74 74 44 8a 12 48 8d 5a 01 48 8b
0x00007ffb290d1ba1:   d3 b8 93 01 00 01 eb 12 69 c0 93 01 00 01 41 0f
0x00007ffb290d1bb1:   b6 ca 44 8a 12 33 c1 48 ff c2 45 84 d2 75 e9 4d
0x00007ffb290d1bc1:   8b 03 0f ba f0 1f 33 d2 49 8b cb f7 f6 48 63 c2
0x00007ffb290d1bd1:   41 8b 14 81 41 ff 50 08 85 c0 7e 24 8a 0f eb 10
0x00007ffb290d1be1:   69 c0 93 01 00 01 0f b6 c9 33 c1 8a 0b 48 ff c3
0x00007ffb290d1bf1:   84 c9 75 ec 0f ba f0 1f 33 d2 f7 f6 8b c2 eb 0e
0x00007ffb290d1c01:   79 09 83 c9 ff 2b c8 8b c1 eb 03 83 c8 ff 48 8b
0x00007ffb290d1c11:   5c 24 30 48 8b 74 24 38 48 83 c4 20 5f c3 cc 48
0x00007ffb290d1c21:   89 5c 24 08 48 89 74 24 10 57 48 83 ec 20 48 8b
0x00007ffb290d1c31:   f1 48 8d 0d e7 45 00 00 e8 b2 0b 00 00 33 ff 39
0x00007ffb290d1c41:   3d d2 43 00 00 76 24 48 8b 05 d1 43 00 00 48 8b
0x00007ffb290d1c51:   d6 48 8b 1c f8 48 8b 0b e8 7c 1e 00 00 85 c0 74
0x00007ffb290d1c61:   2b ff c7 3b 3d ae 43 00 00 72 dc 33 db 48 8d 0d
0x00007ffb290d1c71:   ab 45 00 00 e8 7e 0b 00 00 48 8b 74 24 38 48 8b
0x00007ffb290d1c81:   c3 48 8b 5c 24 30 48 83 c4 20 5f c3 ff 43 08 eb
0x00007ffb290d1c91:   dc cc cc 48 89 5c 24 08 48 89 74 24 10 57 48 83
0x00007ffb290d1ca1:   ec 20 48 8b d9 48 8b f2 48 8b 49 10 49 8b f8 8b
0x00007ffb290d1cb1:   53 30 48 8b 01 ff 50 20 4c 8b 43 50 48 8b d6 48
0x00007ffb290d1cc1:   8b 4b 10 44 8b c8 e8 a8 fe ff ff 83 f8 ff 74 38 



---------------  P R O C E S S  ---------------

VM state: not at safepoint (not fully initialized)

VM Mutex/Monitor currently owned by a thread: None

CDS archive(s) mapped at: [0x0000000000000000-0x0000000000000000-0x0000000000000000), size 0, SharedBaseAddress: 0x0000000800000000, ArchiveRelocationMode: 1.
Narrow klass base: 0x0000000000000000, Narrow klass shift: 0, Narrow klass range: 0x0

GC Precious Log:
<Not initialized>


Dynamic libraries:
0x00007ff60fbb0000 - 0x00007ff60fbbe000 	C:\Users\shyam\.jdks\corretto-21.0.4\bin\java.exe
0x00007ffb46bb0000 - 0x00007ffb46da8000 	C:\WINDOWS\SYSTEM32\ntdll.dll
0x00007ffb46820000 - 0x00007ffb468e1000 	C:\WINDOWS\System32\KERNEL32.DLL
0x00007ffb44260000 - 0x00007ffb4455d000 	C:\WINDOWS\System32\KERNELBASE.dll
0x00007ffb3fdc0000 - 0x00007ffb3fe54000 	C:\WINDOWS\SYSTEM32\apphelp.dll
0x00007ffb44950000 - 0x00007ffb44a50000 	C:\WINDOWS\System32\ucrtbase.dll
0x00007ffb28ca0000 - 0x00007ffb28cb8000 	C:\Users\shyam\.jdks\corretto-21.0.4\bin\jli.dll
0x00007ffb452a0000 - 0x00007ffb4543d000 	C:\WINDOWS\System32\USER32.dll
0x00007ffb44bb0000 - 0x00007ffb44bd2000 	C:\WINDOWS\System32\win32u.dll
0x00007ffb45070000 - 0x00007ffb4509b000 	C:\WINDOWS\System32\GDI32.dll
0x00007ffb44660000 - 0x00007ffb44777000 	C:\WINDOWS\System32\gdi32full.dll
0x00007ffb44a50000 - 0x00007ffb44aed000 	C:\WINDOWS\System32\msvcp_win.dll
0x00007ffb1b990000 - 0x00007ffb1b9ab000 	C:\Users\shyam\.jdks\corretto-21.0.4\bin\VCRUNTIME140.dll
0x00007ffb39740000 - 0x00007ffb399da000 	C:\WINDOWS\WinSxS\amd64_microsoft.windows.common-controls_6595b64144ccf1df_6.0.19041.4355_none_60b8b9eb71f62e16\COMCTL32.dll
0x00007ffb44d80000 - 0x00007ffb44e1e000 	C:\WINDOWS\System32\msvcrt.dll
0x00007ffb45270000 - 0x00007ffb4529f000 	C:\WINDOWS\System32\IMM32.DLL
0x00007ffb405c0000 - 0x00007ffb405cc000 	C:\Users\shyam\.jdks\corretto-21.0.4\bin\vcruntime140_1.dll
0x00007ffb105b0000 - 0x00007ffb1063d000 	C:\Users\shyam\.jdks\corretto-21.0.4\bin\msvcp140.dll
0x00007ffaa36c0000 - 0x00007ffaa4456000 	C:\Users\shyam\.jdks\corretto-21.0.4\bin\server\jvm.dll
0x00007ffb451c0000 - 0x00007ffb45270000 	C:\WINDOWS\System32\ADVAPI32.dll
0x00007ffb44fd0000 - 0x00007ffb45070000 	C:\WINDOWS\System32\sechost.dll
0x00007ffb44c50000 - 0x00007ffb44d73000 	C:\WINDOWS\System32\RPCRT4.dll
0x00007ffb44b80000 - 0x00007ffb44ba7000 	C:\WINDOWS\System32\bcrypt.dll
0x00007ffb459f0000 - 0x00007ffb45a5b000 	C:\WINDOWS\System32\WS2_32.dll
0x00007ffb43790000 - 0x00007ffb437db000 	C:\WINDOWS\SYSTEM32\POWRPROF.dll
0x00007ffb38320000 - 0x00007ffb38347000 	C:\WINDOWS\SYSTEM32\WINMM.dll
0x00007ffb3ac00000 - 0x00007ffb3ac0a000 	C:\WINDOWS\SYSTEM32\VERSION.dll
0x00007ffb43650000 - 0x00007ffb43662000 	C:\WINDOWS\SYSTEM32\UMPDC.dll
0x00007ffb42000000 - 0x00007ffb42012000 	C:\WINDOWS\SYSTEM32\kernel.appcore.dll
0x00007ffb290d0000 - 0x00007ffb290da000 	C:\Users\shyam\.jdks\corretto-21.0.4\bin\jimage.dll
0x00007ffb3c4f0000 - 0x00007ffb3c6d4000 	C:\WINDOWS\SYSTEM32\DBGHELP.DLL
0x00007ffb3ca60000 - 0x00007ffb3ca94000 	C:\WINDOWS\SYSTEM32\dbgcore.DLL
0x00007ffb44af0000 - 0x00007ffb44b72000 	C:\WINDOWS\System32\bcryptPrimitives.dll

dbghelp: loaded successfully - version: 4.0.5 - missing functions: none
symbol engine: initialized successfully - sym options: 0x614 - pdb path: .;C:\Users\shyam\.jdks\corretto-21.0.4\bin;C:\WINDOWS\SYSTEM32;C:\WINDOWS\WinSxS\amd64_microsoft.windows.common-controls_6595b64144ccf1df_6.0.19041.4355_none_60b8b9eb71f62e16;C:\Users\shyam\.jdks\corretto-21.0.4\bin\server

VM Arguments:
java_command: <unknown>
java_class_path (initial): <not set>
Launcher Type: SUN_STANDARD

[Global flags]
     bool UseLargePagesIndividualAllocation        = false                                  {pd product} {ergonomic}

Logging:
Log output configuration:
 #0: stdout all=warning uptime,level,tags foldmultilines=false
 #1: stderr all=off uptime,level,tags foldmultilines=false

Environment Variables:
PATH=C:\Program Files\Common Files\Oracle\Java\javapath;C:\WINDOWS;C:\WINDOWS\System32\Wbem;C:\WINDOWS\System32\WindowsPowerShell\v1.0\;C:\WINDOWS\System32\OpenSSH\;C:\MinGW\bin;C:\MinGW\bin;C:\ProgramData\chocolatey\bin;C:\Program Files\nodejs\;H:\cf_v1.0.0_windows_64;C:\Program Files\Git\cmd;C:\Program Files (x86)\Microsoft SQL Server\160\Tools\Binn\;C:\Program Files\Microsoft SQL Server\160\Tools\Binn\;C:\Program Files\Microsoft SQL Server\Client SDK\ODBC\170\Tools\Binn\;C:\Program Files\Microsoft SQL Server\160\DTS\Binn\;C:\Program Files (x86)\Microsoft SQL Server\160\DTS\Binn\;C:\Program Files\Azure Data Studio\bin;F:\mongosh-1.10.1-win32-x64\bin;C:\Program Files\Python311;C:\Program Files\Python311\Scripts;c:\windows\system32;C:\Program Files\MySQL\MySQL Server 8.2\bin;C:\Program Files\Go\bin;C:\Program Files\Java\jdk-21\bin;C:\Program Files\MySQL\MySQL Shell 8.0\bin\;C:\Users\shyam\AppData\Local\Microsoft\WindowsApps;C:\Python310\Scripts;C:\Python310;C:\Users\shyam\AppData\Local\Programs\Microsoft VS Code\bin;C:\Users\shyam\AppData\Roaming\npm;C:\Program Files\MongoDB\Server\4.4\bin;C:\Program Files\Azure Data Studio\bin;C:\Users\shyam\go\bin;C:\Program Files\JetBrains\IntelliJ IDEA 2024.1.4\bin;;F:\IntelliJ IDEA Community Edition 2024.2.1\bin;
USERNAME=shyam
OS=Windows_NT
PROCESSOR_IDENTIFIER=Intel64 Family 6 Model 69 Stepping 1, GenuineIntel
TMP=C:\Users\shyam\AppData\Local\Temp
TEMP=C:\Users\shyam\AppData\Local\Temp




Periodic native trim disabled

---------------  S Y S T E M  ---------------

OS:
 Windows 10 , 64 bit Build 19041 (10.0.19041.4717)
OS uptime: 5 days 6:47 hours

CPU: total 4 (initial active 0) 
Processor Information for all 4 processors :
  Max Mhz: 1700, Current Mhz: 1600, Mhz Limit: 1598

Memory: 4k page, system-wide physical 8096M (880M free)
TotalPageFile size 17312M (AvailPageFile size 5519M)
current process WorkingSet (physical memory assigned to process): 8M, peak: 8M
current process commit charge ("private bytes"): 3M, peak: 3M

vm_info: OpenJDK 64-Bit Server VM (21.0.4+7-LTS) for windows-amd64 JRE (21.0.4+7-LTS), built on 2024-07-10T17:34:29Z by "Administrator" with MS VC++ 16.10 / 16.11 (VS2019)

END.
